<?xml version="1.0" encoding="UTF-8" ?>
<testsuite failures="0" time="0.68" errors="0" skipped="0" tests="2" name="com.pl.maciej.tests.OsobaDBManagerTest">
  <properties>
    <property name="java.runtime.name" value="Java(TM) SE Runtime Environment"/>
    <property name="sun.boot.library.path" value="C:\Program Files (x86)\Java\jdk1.7.0\jre\bin"/>
    <property name="java.vm.version" value="21.0-b17"/>
    <property name="java.vm.vendor" value="Oracle Corporation"/>
    <property name="java.vendor.url" value="http://java.oracle.com/"/>
    <property name="path.separator" value=";"/>
    <property name="java.vm.name" value="Java HotSpot(TM) Client VM"/>
    <property name="file.encoding.pkg" value="sun.io"/>
    <property name="user.script" value=""/>
    <property name="user.country" value="PL"/>
    <property name="sun.java.launcher" value="SUN_STANDARD"/>
    <property name="sun.os.patch.level" value=""/>
    <property name="java.vm.specification.name" value="Java Virtual Machine Specification"/>
    <property name="user.dir" value="C:\Users\macieg\git\PlytotekaProjektMaven\ProjektMaven1"/>
    <property name="java.runtime.version" value="1.7.0-b147"/>
    <property name="java.awt.graphicsenv" value="sun.awt.Win32GraphicsEnvironment"/>
    <property name="basedir" value="C:\Users\macieg\git\PlytotekaProjektMaven\ProjektMaven1"/>
    <property name="java.endorsed.dirs" value="C:\Program Files (x86)\Java\jdk1.7.0\jre\lib\endorsed"/>
    <property name="os.arch" value="x86"/>
    <property name="surefire.real.class.path" value="C:\Users\macieg\git\PlytotekaProjektMaven\ProjektMaven1\target\surefire\surefirebooter5850716067133147762.jar"/>
    <property name="java.io.tmpdir" value="C:\Users\macieg\AppData\Local\Temp\"/>
    <property name="line.separator" value="
"/>
    <property name="java.vm.specification.vendor" value="Oracle Corporation"/>
    <property name="user.variant" value=""/>
    <property name="os.name" value="Windows 7"/>
    <property name="sun.jnu.encoding" value="Cp1250"/>
    <property name="java.library.path" value="C:\Program Files (x86)\Java\jdk1.7.0\jre\bin;C:\Windows\Sun\Java\bin;C:\Windows\system32;C:\Windows;C:/Program Files (x86)/Java/jre6/bin/client;C:/Program Files (x86)/Java/jre6/bin;C:/Program Files (x86)/Java/jre6/lib/i386;C:\Windows\system32;C:\Windows;C:\Windows\System32\Wbem;C:\Windows\System32\WindowsPowerShell\v1.0\;c:\php;C:\Program Files (x86)\Java\jre6\bin;C:\Program Files (x86)\Microsoft SQL Server\100\Tools\Binn\;C:\Program Files\Microsoft SQL Server\100\Tools\Binn\;C:\Program Files\Microsoft SQL Server\100\DTS\Binn\;C:\Ant\apache-ant-1.8.2\bin;D:\Moje dokumenty\PJWSTK\Java Zaawansowana\apache-maven-2.2.1\bin;C:\Program Files\TortoiseHg\;D:\eclipse32_JEE\eclipse;;."/>
    <property name="surefire.test.class.path" value="C:\Users\macieg\git\PlytotekaProjektMaven\ProjektMaven1\target\test-classes;C:\Users\macieg\git\PlytotekaProjektMaven\ProjektMaven1\target\classes;C:\Users\macieg\git\PlytotekaProjektMaven\ProjektMaven1\~\.m2\repository\log4j\log4j\1.2.16\log4j-1.2.16.jar;C:\Users\macieg\git\PlytotekaProjektMaven\ProjektMaven1\~\.m2\repository\junit\junit\4.10\junit-4.10.jar;C:\Users\macieg\git\PlytotekaProjektMaven\ProjektMaven1\~\.m2\repository\org\hamcrest\hamcrest-core\1.1\hamcrest-core-1.1.jar;C:\Users\macieg\git\PlytotekaProjektMaven\ProjektMaven1\~\.m2\repository\org\hsqldb\hsqldb\2.2.4\hsqldb-2.2.4.jar;"/>
    <property name="java.specification.name" value="Java Platform API Specification"/>
    <property name="java.class.version" value="51.0"/>
    <property name="sun.management.compiler" value="HotSpot Client Compiler"/>
    <property name="os.version" value="6.1"/>
    <property name="user.home" value="C:\Users\macieg"/>
    <property name="user.timezone" value="Europe/Belgrade"/>
    <property name="java.awt.printerjob" value="sun.awt.windows.WPrinterJob"/>
    <property name="java.specification.version" value="1.7"/>
    <property name="file.encoding" value="Cp1250"/>
    <property name="user.name" value="macieg"/>
    <property name="java.class.path" value="C:\Users\macieg\git\PlytotekaProjektMaven\ProjektMaven1\target\test-classes;C:\Users\macieg\git\PlytotekaProjektMaven\ProjektMaven1\target\classes;C:\Users\macieg\git\PlytotekaProjektMaven\ProjektMaven1\~\.m2\repository\log4j\log4j\1.2.16\log4j-1.2.16.jar;C:\Users\macieg\git\PlytotekaProjektMaven\ProjektMaven1\~\.m2\repository\junit\junit\4.10\junit-4.10.jar;C:\Users\macieg\git\PlytotekaProjektMaven\ProjektMaven1\~\.m2\repository\org\hamcrest\hamcrest-core\1.1\hamcrest-core-1.1.jar;C:\Users\macieg\git\PlytotekaProjektMaven\ProjektMaven1\~\.m2\repository\org\hsqldb\hsqldb\2.2.4\hsqldb-2.2.4.jar;"/>
    <property name="java.vm.specification.version" value="1.7"/>
    <property name="sun.arch.data.model" value="32"/>
    <property name="java.home" value="C:\Program Files (x86)\Java\jdk1.7.0\jre"/>
    <property name="sun.java.command" value="C:\Users\macieg\git\PlytotekaProjektMaven\ProjektMaven1\target\surefire\surefirebooter5850716067133147762.jar C:\Users\macieg\git\PlytotekaProjektMaven\ProjektMaven1\target\surefire\surefire4256821114056082782tmp C:\Users\macieg\git\PlytotekaProjektMaven\ProjektMaven1\target\surefire\surefire2493725505926289147tmp"/>
    <property name="java.specification.vendor" value="Oracle Corporation"/>
    <property name="user.language" value="pl"/>
    <property name="awt.toolkit" value="sun.awt.windows.WToolkit"/>
    <property name="java.vm.info" value="mixed mode, sharing"/>
    <property name="java.version" value="1.7.0"/>
    <property name="java.ext.dirs" value="C:\Program Files (x86)\Java\jdk1.7.0\jre\lib\ext;C:\Windows\Sun\Java\lib\ext"/>
    <property name="sun.boot.class.path" value="C:\Program Files (x86)\Java\jdk1.7.0\jre\lib\resources.jar;C:\Program Files (x86)\Java\jdk1.7.0\jre\lib\rt.jar;C:\Program Files (x86)\Java\jdk1.7.0\jre\lib\sunrsasign.jar;C:\Program Files (x86)\Java\jdk1.7.0\jre\lib\jsse.jar;C:\Program Files (x86)\Java\jdk1.7.0\jre\lib\jce.jar;C:\Program Files (x86)\Java\jdk1.7.0\jre\lib\charsets.jar;C:\Program Files (x86)\Java\jdk1.7.0\jre\classes"/>
    <property name="java.vendor" value="Oracle Corporation"/>
    <property name="localRepository" value="C:\Users\macieg\git\PlytotekaProjektMaven\ProjektMaven1\~\.m2\repository"/>
    <property name="file.separator" value="\"/>
    <property name="java.vendor.url.bug" value="http://bugreport.sun.com/bugreport/"/>
    <property name="sun.cpu.endian" value="little"/>
    <property name="sun.io.unicode.encoding" value="UnicodeLittle"/>
    <property name="sun.desktop" value="windows"/>
    <property name="sun.cpu.isalist" value=""/>
  </properties>
  <testcase time="0.406" classname="com.pl.maciej.tests.OsobaDBManagerTest" name="testDodajOsobe"/>
  <testcase time="0.226" classname="com.pl.maciej.tests.OsobaDBManagerTest" name="testUsunWszystkieOsoby"/>
</testsuite>